0 info it worked if it ends with ok
1 verbose cli [ '/usr/local/bin/node', '/usr/local/bin/npm', 'run', 'build' ]
2 info using npm@3.10.9
3 info using node@v7.1.0
4 verbose run-script [ 'prebuild', 'build', 'postbuild' ]
5 info lifecycle mixtum@0.0.1~prebuild: mixtum@0.0.1
6 silly lifecycle mixtum@0.0.1~prebuild: no script for prebuild, continuing
7 info lifecycle mixtum@0.0.1~build: mixtum@0.0.1
8 verbose lifecycle mixtum@0.0.1~build: unsafe-perm in lifecycle true
9 verbose lifecycle mixtum@0.0.1~build: PATH: /usr/local/lib/node_modules/npm/bin/node-gyp-bin:/Users/yutakahoulette/mixtum/dev/node_modules/.bin:/Users/yutakahoulette/.rbenv/shims:/usr/local/heroku/bin:/Applications/Postgres93.app/Contents/MacOS/bin:/usr/local/bin:/Applications/Sublime Text.app/Contents/SharedSupport/bin:/usr/local/bin:/usr/bin:/bin:/usr/sbin:/sbin:/usr/local/git/bin:/Users/yutakahoulette/.vimpkg/bin
10 verbose lifecycle mixtum@0.0.1~build: CWD: /Users/yutakahoulette/mixtum/dev
11 silly lifecycle mixtum@0.0.1~build: Args: [ '-c', './build.sh' ]
12 silly lifecycle mixtum@0.0.1~build: Returned: code: 126  signal: null
13 info lifecycle mixtum@0.0.1~build: Failed to exec build script
14 verbose stack Error: mixtum@0.0.1 build: `./build.sh`
14 verbose stack Exit status 126
14 verbose stack     at EventEmitter.<anonymous> (/usr/local/lib/node_modules/npm/lib/utils/lifecycle.js:255:16)
14 verbose stack     at emitTwo (events.js:106:13)
14 verbose stack     at EventEmitter.emit (events.js:191:7)
14 verbose stack     at ChildProcess.<anonymous> (/usr/local/lib/node_modules/npm/lib/utils/spawn.js:40:14)
14 verbose stack     at emitTwo (events.js:106:13)
14 verbose stack     at ChildProcess.emit (events.js:191:7)
14 verbose stack     at maybeClose (internal/child_process.js:885:16)
14 verbose stack     at Process.ChildProcess._handle.onexit (internal/child_process.js:226:5)
15 verbose pkgid mixtum@0.0.1
16 verbose cwd /Users/yutakahoulette/mixtum/dev
17 error Darwin 15.6.0
18 error argv "/usr/local/bin/node" "/usr/local/bin/npm" "run" "build"
19 error node v7.1.0
20 error npm  v3.10.9
21 error code ELIFECYCLE
22 error mixtum@0.0.1 build: `./build.sh`
22 error Exit status 126
23 error Failed at the mixtum@0.0.1 build script './build.sh'.
23 error Make sure you have the latest version of node.js and npm installed.
23 error If you do, this is most likely a problem with the mixtum package,
23 error not with npm itself.
23 error Tell the author that this fails on your system:
23 error     ./build.sh
23 error You can get information on how to open an issue for this project with:
23 error     npm bugs mixtum
23 error Or if that isn't available, you can get their info via:
23 error     npm owner ls mixtum
23 error There is likely additional logging output above.
24 verbose exit [ 1, true ]
